CRITICAL - 2023-10-01 10:18:11 --> Invalid file: "signup.php"
in SYSTEMPATH\Exceptions\FrameworkException.php on line 39.
 1 SYSTEMPATH\View\View.php(214): CodeIgniter\Exceptions\FrameworkException::forInvalidFile('signup.php')
 2 SYSTEMPATH\Common.php(1188): CodeIgniter\View\View->render('signup', [], true)
 3 APPPATH\Controllers\UserController.php(30): view('signup', [...])
 4 SYSTEMPATH\CodeIgniter.php(919): App\Controllers\UserController->register()
 5 SYSTEMPATH\CodeIgniter.php(494): CodeIgniter\CodeIgniter->runController(Object(App\Controllers\UserController))
 6 SYSTEMPATH\CodeIgniter.php(353): CodeIgniter\CodeIgniter->handleRequest(null, Object(Config\Cache), false)
 7 FCPATH\index.php(79): CodeIgniter\CodeIgniter->run()
 8 SYSTEMPATH\Commands\Server\rewrite.php(47): require_once('C:\\laragon\\www\\lab3\\public\\index.php')
CRITICAL - 2023-10-01 10:23:41 --> Undefined variable $userModel
in APPPATH\Controllers\UserController.php on line 47.
 1 APPPATH\Controllers\UserController.php(47): CodeIgniter\Debug\Exceptions->errorHandler(2, 'Undefined variable $userModel', 'C:\\laragon\\www\\lab3\\app\\Controllers\\UserController.php', 47)
 2 SYSTEMPATH\CodeIgniter.php(919): App\Controllers\UserController->LoginAuth()
 3 SYSTEMPATH\CodeIgniter.php(494): CodeIgniter\CodeIgniter->runController(Object(App\Controllers\UserController))
 4 SYSTEMPATH\CodeIgniter.php(353): CodeIgniter\CodeIgniter->handleRequest(null, Object(Config\Cache), false)
 5 FCPATH\index.php(79): CodeIgniter\CodeIgniter->run()
 6 SYSTEMPATH\Commands\Server\rewrite.php(47): require_once('C:\\laragon\\www\\lab3\\public\\index.php')
CRITICAL - 2023-10-01 10:24:26 --> Undefined variable $UserModel
in APPPATH\Controllers\UserController.php on line 47.
 1 APPPATH\Controllers\UserController.php(47): CodeIgniter\Debug\Exceptions->errorHandler(2, 'Undefined variable $UserModel', 'C:\\laragon\\www\\lab3\\app\\Controllers\\UserController.php', 47)
 2 SYSTEMPATH\CodeIgniter.php(919): App\Controllers\UserController->LoginAuth()
 3 SYSTEMPATH\CodeIgniter.php(494): CodeIgniter\CodeIgniter->runController(Object(App\Controllers\UserController))
 4 SYSTEMPATH\CodeIgniter.php(353): CodeIgniter\CodeIgniter->handleRequest(null, Object(Config\Cache), false)
 5 FCPATH\index.php(79): CodeIgniter\CodeIgniter->run()
 6 SYSTEMPATH\Commands\Server\rewrite.php(47): require_once('C:\\laragon\\www\\lab3\\public\\index.php')
CRITICAL - 2023-10-01 10:26:39 --> Undefined variable $userModel
in APPPATH\Controllers\UserController.php on line 47.
 1 APPPATH\Controllers\UserController.php(47): CodeIgniter\Debug\Exceptions->errorHandler(2, 'Undefined variable $userModel', 'C:\\laragon\\www\\lab3\\app\\Controllers\\UserController.php', 47)
 2 SYSTEMPATH\CodeIgniter.php(919): App\Controllers\UserController->LoginAuth()
 3 SYSTEMPATH\CodeIgniter.php(494): CodeIgniter\CodeIgniter->runController(Object(App\Controllers\UserController))
 4 SYSTEMPATH\CodeIgniter.php(353): CodeIgniter\CodeIgniter->handleRequest(null, Object(Config\Cache), false)
 5 FCPATH\index.php(79): CodeIgniter\CodeIgniter->run()
 6 SYSTEMPATH\Commands\Server\rewrite.php(47): require_once('C:\\laragon\\www\\lab3\\public\\index.php')
CRITICAL - 2023-10-01 10:27:35 --> Undefined constant "App\Controllers\username"
in APPPATH\Controllers\UserController.php on line 47.
 1 SYSTEMPATH\CodeIgniter.php(919): App\Controllers\UserController->LoginAuth()
 2 SYSTEMPATH\CodeIgniter.php(494): CodeIgniter\CodeIgniter->runController(Object(App\Controllers\UserController))
 3 SYSTEMPATH\CodeIgniter.php(353): CodeIgniter\CodeIgniter->handleRequest(null, Object(Config\Cache), false)
 4 FCPATH\index.php(79): CodeIgniter\CodeIgniter->run()
 5 SYSTEMPATH\Commands\Server\rewrite.php(47): require_once('C:\\laragon\\www\\lab3\\public\\index.php')
CRITICAL - 2023-10-01 10:29:53 --> Undefined constant "App\Controllers\username"
in APPPATH\Controllers\UserController.php on line 47.
 1 SYSTEMPATH\CodeIgniter.php(919): App\Controllers\UserController->LoginAuth()
 2 SYSTEMPATH\CodeIgniter.php(494): CodeIgniter\CodeIgniter->runController(Object(App\Controllers\UserController))
 3 SYSTEMPATH\CodeIgniter.php(353): CodeIgniter\CodeIgniter->handleRequest(null, Object(Config\Cache), false)
 4 FCPATH\index.php(79): CodeIgniter\CodeIgniter->run()
 5 SYSTEMPATH\Commands\Server\rewrite.php(47): require_once('C:\\laragon\\www\\lab3\\public\\index.php')
CRITICAL - 2023-10-01 10:30:05 --> Invalid file: "signup.php"
in SYSTEMPATH\Exceptions\FrameworkException.php on line 39.
 1 SYSTEMPATH\View\View.php(214): CodeIgniter\Exceptions\FrameworkException::forInvalidFile('signup.php')
 2 SYSTEMPATH\Common.php(1188): CodeIgniter\View\View->render('signup', [], true)
 3 APPPATH\Controllers\UserController.php(30): view('signup', [...])
 4 SYSTEMPATH\CodeIgniter.php(919): App\Controllers\UserController->register()
 5 SYSTEMPATH\CodeIgniter.php(494): CodeIgniter\CodeIgniter->runController(Object(App\Controllers\UserController))
 6 SYSTEMPATH\CodeIgniter.php(353): CodeIgniter\CodeIgniter->handleRequest(null, Object(Config\Cache), false)
 7 FCPATH\index.php(79): CodeIgniter\CodeIgniter->run()
 8 SYSTEMPATH\Commands\Server\rewrite.php(47): require_once('C:\\laragon\\www\\lab3\\public\\index.php')
CRITICAL - 2023-10-01 10:30:19 --> Undefined constant "App\Controllers\username"
in APPPATH\Controllers\UserController.php on line 47.
 1 SYSTEMPATH\CodeIgniter.php(919): App\Controllers\UserController->LoginAuth()
 2 SYSTEMPATH\CodeIgniter.php(494): CodeIgniter\CodeIgniter->runController(Object(App\Controllers\UserController))
 3 SYSTEMPATH\CodeIgniter.php(353): CodeIgniter\CodeIgniter->handleRequest(null, Object(Config\Cache), false)
 4 FCPATH\index.php(79): CodeIgniter\CodeIgniter->run()
 5 SYSTEMPATH\Commands\Server\rewrite.php(47): require_once('C:\\laragon\\www\\lab3\\public\\index.php')
CRITICAL - 2023-10-01 10:36:16 --> Undefined constant "App\Controllers\username"
in APPPATH\Controllers\UserController.php on line 47.
 1 SYSTEMPATH\CodeIgniter.php(919): App\Controllers\UserController->LoginAuth()
 2 SYSTEMPATH\CodeIgniter.php(494): CodeIgniter\CodeIgniter->runController(Object(App\Controllers\UserController))
 3 SYSTEMPATH\CodeIgniter.php(353): CodeIgniter\CodeIgniter->handleRequest(null, Object(Config\Cache), false)
 4 FCPATH\index.php(79): CodeIgniter\CodeIgniter->run()
 5 SYSTEMPATH\Commands\Server\rewrite.php(47): require_once('C:\\laragon\\www\\lab3\\public\\index.php')
CRITICAL - 2023-10-01 10:37:36 --> Call to undefined function getFlashdata()
in APPPATH\Views\signin.php on line 16.
 1 SYSTEMPATH\View\View.php(226): include()
 2 SYSTEMPATH\View\View.php(229): CodeIgniter\View\View->CodeIgniter\View\{closure}()
 3 SYSTEMPATH\Common.php(1188): CodeIgniter\View\View->render('signin', [], true)
 4 APPPATH\Controllers\UserController.php(37): view('signin')
 5 SYSTEMPATH\CodeIgniter.php(919): App\Controllers\UserController->Login()
 6 SYSTEMPATH\CodeIgniter.php(494): CodeIgniter\CodeIgniter->runController(Object(App\Controllers\UserController))
 7 SYSTEMPATH\CodeIgniter.php(353): CodeIgniter\CodeIgniter->handleRequest(null, Object(Config\Cache), false)
 8 FCPATH\index.php(79): CodeIgniter\CodeIgniter->run()
 9 SYSTEMPATH\Commands\Server\rewrite.php(47): require_once('C:\\laragon\\www\\lab3\\public\\index.php')
CRITICAL - 2023-10-01 10:40:47 --> Invalid file: "signup.php"
in SYSTEMPATH\Exceptions\FrameworkException.php on line 39.
 1 SYSTEMPATH\View\View.php(214): CodeIgniter\Exceptions\FrameworkException::forInvalidFile('signup.php')
 2 SYSTEMPATH\Common.php(1188): CodeIgniter\View\View->render('signup', [], true)
 3 APPPATH\Controllers\UserController.php(30): view('signup', [...])
 4 SYSTEMPATH\CodeIgniter.php(919): App\Controllers\UserController->register()
 5 SYSTEMPATH\CodeIgniter.php(494): CodeIgniter\CodeIgniter->runController(Object(App\Controllers\UserController))
 6 SYSTEMPATH\CodeIgniter.php(353): CodeIgniter\CodeIgniter->handleRequest(null, Object(Config\Cache), false)
 7 FCPATH\index.php(79): CodeIgniter\CodeIgniter->run()
 8 SYSTEMPATH\Commands\Server\rewrite.php(47): require_once('C:\\laragon\\www\\lab3\\public\\index.php')
CRITICAL - 2023-10-01 10:41:53 --> Invalid file: "signup.php"
in SYSTEMPATH\Exceptions\FrameworkException.php on line 39.
 1 SYSTEMPATH\View\View.php(214): CodeIgniter\Exceptions\FrameworkException::forInvalidFile('signup.php')
 2 SYSTEMPATH\Common.php(1188): CodeIgniter\View\View->render('signup', [], true)
 3 APPPATH\Controllers\UserController.php(30): view('signup', [...])
 4 SYSTEMPATH\CodeIgniter.php(919): App\Controllers\UserController->register()
 5 SYSTEMPATH\CodeIgniter.php(494): CodeIgniter\CodeIgniter->runController(Object(App\Controllers\UserController))
 6 SYSTEMPATH\CodeIgniter.php(353): CodeIgniter\CodeIgniter->handleRequest(null, Object(Config\Cache), false)
 7 FCPATH\index.php(79): CodeIgniter\CodeIgniter->run()
 8 SYSTEMPATH\Commands\Server\rewrite.php(47): require_once('C:\\laragon\\www\\lab3\\public\\index.php')
CRITICAL - 2023-10-01 11:17:43 --> Invalid file: "signup.php"
in SYSTEMPATH\Exceptions\FrameworkException.php on line 39.
 1 SYSTEMPATH\View\View.php(214): CodeIgniter\Exceptions\FrameworkException::forInvalidFile('signup.php')
 2 SYSTEMPATH\Common.php(1188): CodeIgniter\View\View->render('signup', [], true)
 3 APPPATH\Controllers\UserController.php(30): view('signup', [...])
 4 SYSTEMPATH\CodeIgniter.php(919): App\Controllers\UserController->register()
 5 SYSTEMPATH\CodeIgniter.php(494): CodeIgniter\CodeIgniter->runController(Object(App\Controllers\UserController))
 6 SYSTEMPATH\CodeIgniter.php(353): CodeIgniter\CodeIgniter->handleRequest(null, Object(Config\Cache), false)
 7 FCPATH\index.php(79): CodeIgniter\CodeIgniter->run()
 8 SYSTEMPATH\Commands\Server\rewrite.php(47): require_once('C:\\laragon\\www\\lab3\\public\\index.php')
